<?xml version="1.0" encoding="UTF-8"?>
<!-- Generated by org.testng.reporters.JUnitReportReporter -->
<testsuite skipped="0" hostname="SHERINE_MARTINA" name="testcase.Logintc" tests="1" failures="0" timestamp="2023-07-10T13:21:14 IST" time="11.711" errors="0">
  <testcase name="f" time="11.711" classname="testcase.Logintc"/>
</testsuite> <!-- testcase.Logintc -->
